<?xml version="1.0" encoding="UTF-8"?>
<!-- Generated by org.testng.reporters.JUnitXMLReporter -->
<testsuite ignored="1" hostname="DESKTOP-0C2MA94" failures="0" tests="3" name="Default test" time="8.714" errors="0" timestamp="2025-01-22T03:47:29 EET">
  <testcase classname="MyTestCasesSauceLap.MainTestCases" name="Login" time="6.27"/>
  <testcase classname="MyTestCasesSauceLap.MainTestCases" name="AddRandomIteams" time="0.054"/>
  <testcase classname="MyTestCasesSauceLap.MainTestCases" name="CheckOutProces" time="1.456"/>
  <testcase classname="MyTestCasesSauceLap.MainTestCases" name="AddAllIteams" time="0.0">
    <ignored/>
  </testcase> <!-- AddAllIteams -->
</testsuite> <!-- Default test -->
