<?xml version="1.0" encoding="UTF-8"?>
<testng-results ignored="1" total="4" passed="3" failed="0" skipped="0">
  <reporter-output>
  </reporter-output>
  <suite started-at="2025-01-22T03:47:20 EET" name="Default suite" finished-at="2025-01-22T03:47:29 EET" duration-ms="8714">
    <groups>
    </groups>
    <test started-at="2025-01-22T03:47:20 EET" name="Default test" finished-at="2025-01-22T03:47:29 EET" duration-ms="8714">
      <class name="MyTestCasesSauceLap.MainTestCases">
        <test-method is-config="true" signature="MySetUp()[pri:0, instance:MyTestCasesSauceLap.MainTestCases@1cdc4c27]" started-at="2025-01-22T03:47:20 EET" name="MySetUp" finished-at="2025-01-22T03:47:21 EET" duration-ms="902" status="PASS">
          <reporter-output>
          </reporter-output>
        </test-method> <!-- MySetUp -->
        <test-method signature="Login()[pri:1, instance:MyTestCasesSauceLap.MainTestCases@1cdc4c27]" started-at="2025-01-22T03:47:21 EET" name="Login" finished-at="2025-01-22T03:47:28 EET" duration-ms="6270" status="PASS">
          <reporter-output>
          </reporter-output>
        </test-method> <!-- Login -->
        <test-method signature="AddRandomIteams()[pri:3, instance:MyTestCasesSauceLap.MainTestCases@1cdc4c27]" started-at="2025-01-22T03:47:28 EET" name="AddRandomIteams" finished-at="2025-01-22T03:47:28 EET" duration-ms="54" status="PASS">
          <reporter-output>
          </reporter-output>
        </test-method> <!-- AddRandomIteams -->
        <test-method signature="CheckOutProces()[pri:4, instance:MyTestCasesSauceLap.MainTestCases@1cdc4c27]" started-at="2025-01-22T03:47:28 EET" name="CheckOutProces" finished-at="2025-01-22T03:47:29 EET" duration-ms="1456" status="PASS">
          <reporter-output>
          </reporter-output>
        </test-method> <!-- CheckOutProces -->
        <test-method is-config="true" signature="PostTesting()[pri:0, instance:MyTestCasesSauceLap.MainTestCases@1cdc4c27]" started-at="2025-01-22T03:47:29 EET" name="PostTesting" finished-at="2025-01-22T03:47:29 EET" duration-ms="1" status="PASS">
          <reporter-output>
          </reporter-output>
        </test-method> <!-- PostTesting -->
      </class> <!-- MyTestCasesSauceLap.MainTestCases -->
    </test> <!-- Default test -->
  </suite> <!-- Default suite -->
</testng-results>
